2023-11-23 16:02:42,420;INFO;MainThread;proxy.py;proxy;validate;(48);serverProxy validating
2023-11-23 16:02:42,422;INFO;MainThread;proxy.py;proxy;validate;(50);serverProxy validated
2023-11-23 16:03:19,920;INFO;MainThread;proxy.py;proxy;validate;(48);serverProxy validating
2023-11-23 16:03:19,920;INFO;MainThread;proxy.py;proxy;validate;(50);serverProxy validated
2023-11-23 16:04:42,942;INFO;MainThread;proxy.py;proxy;validate;(48);serverProxy validating
2023-11-23 16:04:42,943;INFO;MainThread;proxy.py;proxy;validate;(50);serverProxy validated
2023-11-23 16:05:00,303;INFO;MainThread;proxy.py;proxy;validate;(48);serverProxy validating
2023-11-23 16:05:00,303;INFO;MainThread;proxy.py;proxy;validate;(50);serverProxy validated
2023-11-23 16:05:00,448;INFO;MainThread;storage.py;storage;validate;(171);MongoStorage validating
2023-11-23 16:05:00,480;INFO;MainThread;storage.py;storage;validate;(186);MongoStorage validated
2023-11-23 16:05:34,474;INFO;MainThread;proxy.py;proxy;validate;(48);serverProxy validating
2023-11-23 16:05:34,474;INFO;MainThread;proxy.py;proxy;validate;(50);serverProxy validated
2023-11-23 16:05:34,634;INFO;MainThread;storage.py;storage;validate;(171);MongoStorage validating
2023-11-23 16:05:34,638;INFO;MainThread;storage.py;storage;validate;(186);MongoStorage validated
2023-11-23 16:05:51,330;INFO;MainThread;proxy.py;proxy;validate;(48);serverProxy validating
2023-11-23 16:05:51,331;INFO;MainThread;proxy.py;proxy;validate;(50);serverProxy validated
2023-11-23 16:05:51,347;INFO;MainThread;managers.py;managers;validate;(638);Manager default validating
2023-11-23 16:05:51,348;INFO;MainThread;managers.py;managers;validate;(645);Manager default validated
2023-11-23 16:05:51,470;INFO;MainThread;storage.py;storage;validate;(171);MongoStorage validating
2023-11-23 16:05:51,474;INFO;MainThread;storage.py;storage;validate;(186);MongoStorage validated
2023-11-23 16:06:02,540;INFO;MainThread;proxy.py;proxy;validate;(48);serverProxy validating
2023-11-23 16:06:02,542;INFO;MainThread;proxy.py;proxy;validate;(50);serverProxy validated
2023-11-23 16:06:02,559;INFO;MainThread;managers.py;managers;validate;(638);Manager default validating
2023-11-23 16:06:02,559;INFO;MainThread;managers.py;managers;validate;(645);Manager default validated
2023-11-23 16:06:02,559;INFO;MainThread;manager_upload.py;manager_upload;validate;(130);Manager upload validating
2023-11-23 16:06:02,559;INFO;MainThread;manager_upload.py;manager_upload;validate;(137);Manager upload validated
2023-11-23 16:06:02,686;INFO;MainThread;storage.py;storage;validate;(171);MongoStorage validating
2023-11-23 16:06:02,690;INFO;MainThread;storage.py;storage;validate;(186);MongoStorage validated
2023-11-23 16:06:53,320;INFO;MainThread;proxy.py;proxy;validate;(48);serverProxy validating
2023-11-23 16:06:53,320;INFO;MainThread;proxy.py;proxy;validate;(50);serverProxy validated
2023-11-23 16:06:53,336;INFO;MainThread;managers.py;managers;validate;(638);Manager default validating
2023-11-23 16:06:53,336;INFO;MainThread;managers.py;managers;validate;(645);Manager default validated
2023-11-23 16:06:53,336;INFO;MainThread;manager_upload.py;manager_upload;validate;(130);Manager upload validating
2023-11-23 16:06:53,336;INFO;MainThread;manager_upload.py;manager_upload;validate;(137);Manager upload validated
2023-11-23 16:06:53,337;INFO;MainThread;item_manager.py;item_manager;validate;(127);Manager validating
2023-11-23 16:06:53,337;INFO;MainThread;item_manager.py;item_manager;validate;(135);Manager validated
2023-11-23 16:06:53,458;INFO;MainThread;storage.py;storage;validate;(171);MongoStorage validating
2023-11-23 16:06:53,462;INFO;MainThread;storage.py;storage;validate;(186);MongoStorage validated
2023-11-23 16:07:29,233;INFO;MainThread;proxy.py;proxy;validate;(48);serverProxy validating
2023-11-23 16:07:29,233;INFO;MainThread;proxy.py;proxy;validate;(50);serverProxy validated
2023-11-23 16:07:29,250;INFO;MainThread;managers.py;managers;validate;(638);Manager default validating
2023-11-23 16:07:29,250;INFO;MainThread;managers.py;managers;validate;(645);Manager default validated
2023-11-23 16:07:29,250;INFO;MainThread;manager_upload.py;manager_upload;validate;(130);Manager upload validating
2023-11-23 16:07:29,250;INFO;MainThread;manager_upload.py;manager_upload;validate;(137);Manager upload validated
2023-11-23 16:07:29,250;INFO;MainThread;item_manager.py;item_manager;validate;(127);Manager validating
2023-11-23 16:07:29,250;INFO;MainThread;item_manager.py;item_manager;validate;(135);Manager validated
2023-11-23 16:07:29,373;INFO;MainThread;storage.py;storage;validate;(171);MongoStorage validating
2023-11-23 16:07:29,378;INFO;MainThread;storage.py;storage;validate;(186);MongoStorage validated
2023-11-23 16:07:51,099;INFO;MainThread;proxy.py;proxy;validate;(48);serverProxy validating
2023-11-23 16:07:51,100;INFO;MainThread;proxy.py;proxy;validate;(50);serverProxy validated
2023-11-23 16:07:51,112;INFO;MainThread;managers.py;managers;validate;(638);Manager default validating
2023-11-23 16:07:51,112;INFO;MainThread;managers.py;managers;validate;(645);Manager default validated
2023-11-23 16:07:51,112;INFO;MainThread;manager_upload.py;manager_upload;validate;(130);Manager upload validating
2023-11-23 16:07:51,112;INFO;MainThread;manager_upload.py;manager_upload;validate;(137);Manager upload validated
2023-11-23 16:07:51,112;INFO;MainThread;item_manager.py;item_manager;validate;(127);Manager validating
2023-11-23 16:07:51,112;INFO;MainThread;item_manager.py;item_manager;validate;(135);Manager validated
2023-11-23 16:07:51,233;INFO;MainThread;storage.py;storage;validate;(171);MongoStorage validating
2023-11-23 16:07:51,237;INFO;MainThread;storage.py;storage;validate;(186);MongoStorage validated
2023-11-23 16:12:27,649;INFO;MainThread;proxy.py;proxy;validate;(48);serverProxy validating
2023-11-23 16:12:27,650;INFO;MainThread;proxy.py;proxy;validate;(50);serverProxy validated
2023-11-23 16:12:27,673;INFO;MainThread;managers.py;managers;validate;(637);Manager default validating
2023-11-23 16:12:27,673;INFO;MainThread;managers.py;managers;validate;(644);Manager default validated
2023-11-23 16:12:27,674;INFO;MainThread;manager_upload.py;manager_upload;validate;(130);Manager upload validating
2023-11-23 16:12:27,674;INFO;MainThread;manager_upload.py;manager_upload;validate;(137);Manager upload validated
2023-11-23 16:12:27,674;INFO;MainThread;item_manager.py;item_manager;validate;(130);Manager validating
2023-11-23 16:12:27,674;INFO;MainThread;item_manager.py;item_manager;validate;(138);Manager validated
2023-11-23 16:12:27,800;INFO;MainThread;storage.py;storage;validate;(171);MongoStorage validating
2023-11-23 16:12:27,805;INFO;MainThread;storage.py;storage;validate;(186);MongoStorage validated
2023-11-23 16:14:56,337;INFO;MainThread;proxy.py;proxy;validate;(48);serverProxy validating
2023-11-23 16:14:56,338;INFO;MainThread;proxy.py;proxy;validate;(50);serverProxy validated
2023-11-23 16:15:12,490;INFO;MainThread;managers.py;managers;validate;(637);Manager default validating
2023-11-23 16:15:12,491;INFO;MainThread;managers.py;managers;validate;(644);Manager default validated
2023-11-23 16:15:12,491;INFO;MainThread;manager_upload.py;manager_upload;validate;(130);Manager upload validating
2023-11-23 16:15:12,491;INFO;MainThread;manager_upload.py;manager_upload;validate;(137);Manager upload validated
2023-11-23 16:15:12,492;INFO;MainThread;item_manager.py;item_manager;validate;(130);Manager validating
2023-11-23 16:15:12,492;INFO;MainThread;item_manager.py;item_manager;validate;(138);Manager validated
2023-11-23 16:15:13,700;INFO;MainThread;storage.py;storage;validate;(171);MongoStorage validating
2023-11-23 16:15:13,709;INFO;MainThread;storage.py;storage;validate;(186);MongoStorage validated
2023-11-23 16:16:11,748;INFO;MainThread;proxy.py;proxy;validate;(48);serverProxy validating
2023-11-23 16:16:11,748;INFO;MainThread;proxy.py;proxy;validate;(50);serverProxy validated
2023-11-23 16:16:11,762;INFO;MainThread;managers.py;managers;validate;(637);Manager default validating
2023-11-23 16:16:11,762;INFO;MainThread;managers.py;managers;validate;(644);Manager default validated
2023-11-23 16:16:11,762;INFO;MainThread;manager_upload.py;manager_upload;validate;(130);Manager upload validating
2023-11-23 16:16:11,762;INFO;MainThread;manager_upload.py;manager_upload;validate;(137);Manager upload validated
2023-11-23 16:16:11,762;INFO;MainThread;item_manager.py;item_manager;validate;(130);Manager validating
2023-11-23 16:16:11,762;INFO;MainThread;item_manager.py;item_manager;validate;(138);Manager validated
2023-11-23 16:16:11,886;INFO;MainThread;storage.py;storage;validate;(171);MongoStorage validating
2023-11-23 16:16:11,891;INFO;MainThread;storage.py;storage;validate;(186);MongoStorage validated
2023-11-23 16:16:48,725;INFO;MainThread;proxy.py;proxy;validate;(48);serverProxy validating
2023-11-23 16:16:48,726;INFO;MainThread;proxy.py;proxy;validate;(50);serverProxy validated
2023-11-23 16:16:55,506;INFO;MainThread;managers.py;managers;validate;(637);Manager default validating
2023-11-23 16:16:55,507;INFO;MainThread;managers.py;managers;validate;(644);Manager default validated
2023-11-23 16:16:55,507;INFO;MainThread;manager_upload.py;manager_upload;validate;(130);Manager upload validating
2023-11-23 16:16:55,507;INFO;MainThread;manager_upload.py;manager_upload;validate;(137);Manager upload validated
2023-11-23 16:16:55,508;INFO;MainThread;item_manager.py;item_manager;validate;(130);Manager validating
2023-11-23 16:16:55,508;INFO;MainThread;item_manager.py;item_manager;validate;(138);Manager validated
2023-11-23 16:16:56,643;INFO;MainThread;storage.py;storage;validate;(171);MongoStorage validating
2023-11-23 16:16:56,651;INFO;MainThread;storage.py;storage;validate;(186);MongoStorage validated
2023-11-23 16:17:51,586;INFO;MainThread;proxy.py;proxy;validate;(48);serverProxy validating
2023-11-23 16:17:51,586;INFO;MainThread;proxy.py;proxy;validate;(50);serverProxy validated
2023-11-23 16:18:55,321;INFO;MainThread;proxy.py;proxy;validate;(48);serverProxy validating
2023-11-23 16:18:55,321;INFO;MainThread;proxy.py;proxy;validate;(50);serverProxy validated
2023-11-23 16:18:55,334;INFO;MainThread;managers.py;managers;validate;(637);Manager default validating
2023-11-23 16:18:55,334;INFO;MainThread;managers.py;managers;validate;(644);Manager default validated
2023-11-23 16:18:55,334;INFO;MainThread;manager_upload.py;manager_upload;validate;(130);Manager upload validating
2023-11-23 16:18:55,334;INFO;MainThread;manager_upload.py;manager_upload;validate;(137);Manager upload validated
2023-11-23 16:18:55,334;INFO;MainThread;item_manager.py;item_manager;validate;(130);Manager validating
2023-11-23 16:18:55,335;INFO;MainThread;item_manager.py;item_manager;validate;(138);Manager validated
2023-11-23 16:18:55,456;INFO;MainThread;storage.py;storage;validate;(171);MongoStorage validating
2023-11-23 16:18:55,460;INFO;MainThread;storage.py;storage;validate;(186);MongoStorage validated
2023-11-23 16:19:00,170;INFO;MainThread;proxy.py;proxy;validate;(48);serverProxy validating
2023-11-23 16:19:00,170;INFO;MainThread;proxy.py;proxy;validate;(50);serverProxy validated
2023-11-23 16:19:09,400;INFO;MainThread;managers.py;managers;validate;(637);Manager default validating
2023-11-23 16:19:09,400;INFO;MainThread;managers.py;managers;validate;(644);Manager default validated
2023-11-23 16:19:09,400;INFO;MainThread;manager_upload.py;manager_upload;validate;(130);Manager upload validating
2023-11-23 16:19:09,402;INFO;MainThread;manager_upload.py;manager_upload;validate;(137);Manager upload validated
2023-11-23 16:19:09,402;INFO;MainThread;item_manager.py;item_manager;validate;(130);Manager validating
2023-11-23 16:19:09,402;INFO;MainThread;item_manager.py;item_manager;validate;(138);Manager validated
2023-11-23 16:19:10,708;INFO;MainThread;storage.py;storage;validate;(171);MongoStorage validating
2023-11-23 16:19:10,716;INFO;MainThread;storage.py;storage;validate;(186);MongoStorage validated
2023-11-23 16:19:52,248;INFO;MainThread;proxy.py;proxy;validate;(48);serverProxy validating
2023-11-23 16:19:52,248;INFO;MainThread;proxy.py;proxy;validate;(50);serverProxy validated
2023-11-23 16:21:37,016;INFO;MainThread;proxy.py;proxy;validate;(48);serverProxy validating
2023-11-23 16:21:37,016;INFO;MainThread;proxy.py;proxy;validate;(50);serverProxy validated
2023-11-23 16:23:47,720;INFO;MainThread;proxy.py;proxy;validate;(48);serverProxy validating
2023-11-23 16:23:47,720;INFO;MainThread;proxy.py;proxy;validate;(50);serverProxy validated
2023-11-23 16:23:54,511;INFO;MainThread;managers.py;managers;validate;(637);Manager default validating
2023-11-23 16:23:54,512;INFO;MainThread;managers.py;managers;validate;(644);Manager default validated
2023-11-23 16:23:54,512;INFO;MainThread;manager_upload.py;manager_upload;validate;(130);Manager upload validating
2023-11-23 16:23:54,512;INFO;MainThread;manager_upload.py;manager_upload;validate;(137);Manager upload validated
2023-11-23 16:23:54,512;INFO;MainThread;item_manager.py;item_manager;validate;(130);Manager validating
2023-11-23 16:23:54,513;INFO;MainThread;item_manager.py;item_manager;validate;(138);Manager validated
2023-11-23 16:23:56,030;INFO;MainThread;storage.py;storage;validate;(171);MongoStorage validating
2023-11-23 16:23:56,038;INFO;MainThread;storage.py;storage;validate;(186);MongoStorage validated
2023-11-23 16:24:02,767;INFO;MainThread;proxy.py;proxy;validate;(48);serverProxy validating
2023-11-23 16:24:02,767;INFO;MainThread;proxy.py;proxy;validate;(50);serverProxy validated
2023-11-23 16:24:02,778;INFO;MainThread;managers.py;managers;validate;(637);Manager default validating
2023-11-23 16:24:02,779;INFO;MainThread;managers.py;managers;validate;(644);Manager default validated
2023-11-23 16:24:02,779;INFO;MainThread;manager_upload.py;manager_upload;validate;(130);Manager upload validating
2023-11-23 16:24:02,779;INFO;MainThread;manager_upload.py;manager_upload;validate;(137);Manager upload validated
2023-11-23 16:24:02,779;INFO;MainThread;item_manager.py;item_manager;validate;(130);Manager validating
2023-11-23 16:24:02,779;INFO;MainThread;item_manager.py;item_manager;validate;(138);Manager validated
2023-11-23 16:24:02,899;INFO;MainThread;storage.py;storage;validate;(171);MongoStorage validating
2023-11-23 16:24:02,904;INFO;MainThread;storage.py;storage;validate;(186);MongoStorage validated
2023-11-23 16:29:48,718;INFO;MainThread;proxy.py;proxy;validate;(48);serverProxy validating
2023-11-23 16:29:48,719;INFO;MainThread;proxy.py;proxy;validate;(50);serverProxy validated
2023-11-23 16:29:48,731;INFO;MainThread;managers.py;managers;validate;(637);Manager default validating
2023-11-23 16:29:48,732;INFO;MainThread;managers.py;managers;validate;(644);Manager default validated
2023-11-23 16:29:48,732;INFO;MainThread;manager_upload.py;manager_upload;validate;(130);Manager upload validating
2023-11-23 16:29:48,732;INFO;MainThread;manager_upload.py;manager_upload;validate;(137);Manager upload validated
2023-11-23 16:29:48,732;INFO;MainThread;item_manager.py;item_manager;validate;(130);Manager validating
2023-11-23 16:29:48,732;INFO;MainThread;item_manager.py;item_manager;validate;(138);Manager validated
2023-11-23 16:29:48,855;INFO;MainThread;storage.py;storage;validate;(171);MongoStorage validating
2023-11-23 16:29:48,860;INFO;MainThread;storage.py;storage;validate;(186);MongoStorage validated
2023-11-23 16:30:25,200;INFO;MainThread;proxy.py;proxy;validate;(48);serverProxy validating
2023-11-23 16:30:25,201;INFO;MainThread;proxy.py;proxy;validate;(50);serverProxy validated
2023-11-23 16:30:25,242;INFO;MainThread;managers.py;managers;validate;(637);Manager default validating
2023-11-23 16:30:25,243;INFO;MainThread;managers.py;managers;validate;(644);Manager default validated
2023-11-23 16:30:25,244;INFO;MainThread;manager_upload.py;manager_upload;validate;(130);Manager upload validating
2023-11-23 16:30:25,244;INFO;MainThread;manager_upload.py;manager_upload;validate;(137);Manager upload validated
2023-11-23 16:30:25,245;INFO;MainThread;item_manager.py;item_manager;validate;(130);Manager validating
2023-11-23 16:30:25,245;INFO;MainThread;item_manager.py;item_manager;validate;(138);Manager validated
2023-11-23 16:30:39,245;INFO;MainThread;storage.py;storage;validate;(171);MongoStorage validating
2023-11-23 16:30:39,254;INFO;MainThread;storage.py;storage;validate;(186);MongoStorage validated
2023-11-23 16:31:46,547;INFO;MainThread;proxy.py;proxy;validate;(48);serverProxy validating
2023-11-23 16:31:46,548;INFO;MainThread;proxy.py;proxy;validate;(50);serverProxy validated
2023-11-23 16:31:46,590;INFO;MainThread;managers.py;managers;validate;(637);Manager default validating
2023-11-23 16:31:46,591;INFO;MainThread;managers.py;managers;validate;(644);Manager default validated
2023-11-23 16:31:46,592;INFO;MainThread;manager_upload.py;manager_upload;validate;(130);Manager upload validating
2023-11-23 16:31:46,592;INFO;MainThread;manager_upload.py;manager_upload;validate;(137);Manager upload validated
2023-11-23 16:31:46,593;INFO;MainThread;item_manager.py;item_manager;validate;(130);Manager validating
2023-11-23 16:31:46,593;INFO;MainThread;item_manager.py;item_manager;validate;(138);Manager validated
2023-11-23 16:31:50,521;INFO;MainThread;storage.py;storage;validate;(171);MongoStorage validating
2023-11-23 16:31:50,530;INFO;MainThread;storage.py;storage;validate;(186);MongoStorage validated
2023-11-23 16:32:06,091;INFO;MainThread;proxy.py;proxy;validate;(48);serverProxy validating
2023-11-23 16:32:06,091;INFO;MainThread;proxy.py;proxy;validate;(50);serverProxy validated
2023-11-23 16:32:06,132;INFO;MainThread;managers.py;managers;validate;(637);Manager default validating
2023-11-23 16:32:06,132;INFO;MainThread;managers.py;managers;validate;(644);Manager default validated
2023-11-23 16:32:06,133;INFO;MainThread;manager_upload.py;manager_upload;validate;(130);Manager upload validating
2023-11-23 16:32:06,133;INFO;MainThread;manager_upload.py;manager_upload;validate;(137);Manager upload validated
2023-11-23 16:32:06,135;INFO;MainThread;item_manager.py;item_manager;validate;(130);Manager validating
2023-11-23 16:32:06,135;INFO;MainThread;item_manager.py;item_manager;validate;(138);Manager validated
2023-11-23 16:32:06,353;INFO;MainThread;storage.py;storage;validate;(171);MongoStorage validating
2023-11-23 16:32:06,363;INFO;MainThread;storage.py;storage;validate;(186);MongoStorage validated
2023-11-23 16:32:34,843;INFO;MainThread;proxy.py;proxy;validate;(48);serverProxy validating
2023-11-23 16:32:34,844;INFO;MainThread;proxy.py;proxy;validate;(50);serverProxy validated
2023-11-23 16:32:34,882;INFO;MainThread;managers.py;managers;validate;(637);Manager default validating
2023-11-23 16:32:34,882;INFO;MainThread;managers.py;managers;validate;(644);Manager default validated
2023-11-23 16:33:19,032;INFO;MainThread;manager_upload.py;manager_upload;validate;(130);Manager upload validating
2023-11-23 16:33:19,032;INFO;MainThread;manager_upload.py;manager_upload;validate;(137);Manager upload validated
2023-11-23 16:33:19,033;INFO;MainThread;item_manager.py;item_manager;validate;(130);Manager validating
2023-11-23 16:33:19,033;INFO;MainThread;item_manager.py;item_manager;validate;(138);Manager validated
2023-11-23 16:33:19,231;INFO;MainThread;storage.py;storage;validate;(171);MongoStorage validating
2023-11-23 16:33:19,240;INFO;MainThread;storage.py;storage;validate;(186);MongoStorage validated
2023-11-23 16:34:50,068;INFO;MainThread;proxy.py;proxy;validate;(48);serverProxy validating
2023-11-23 16:34:50,068;INFO;MainThread;proxy.py;proxy;validate;(50);serverProxy validated
2023-11-23 16:34:50,079;INFO;MainThread;managers.py;managers;validate;(637);Manager default validating
2023-11-23 16:34:50,079;INFO;MainThread;managers.py;managers;validate;(644);Manager default validated
2023-11-23 16:34:50,079;INFO;MainThread;manager_upload.py;manager_upload;validate;(130);Manager upload validating
2023-11-23 16:34:50,079;INFO;MainThread;manager_upload.py;manager_upload;validate;(137);Manager upload validated
2023-11-23 16:34:50,079;INFO;MainThread;item_manager.py;item_manager;validate;(130);Manager validating
2023-11-23 16:34:50,079;INFO;MainThread;item_manager.py;item_manager;validate;(138);Manager validated
2023-11-23 16:34:50,201;INFO;MainThread;storage.py;storage;validate;(171);MongoStorage validating
2023-11-23 16:34:50,205;INFO;MainThread;storage.py;storage;validate;(186);MongoStorage validated
2023-11-23 16:34:50,275;INFO;MainThread;item_manager.py;item_manager;load_item;(120);add item test
2023-11-23 16:34:50,275;INFO;MainThread;managers.py;managers;create_proxy_manager;(623);create proxy test
2023-11-23 16:34:50,275;INFO;MainThread;managers.py;managers;validate;(540);ProxyManager test validating
2023-11-23 16:34:50,275;INFO;MainThread;managers.py;managers;validate;(548);ProxyManager test validated
2023-11-23 16:34:50,276;INFO;MainThread;managers.py;managers;create_proxy_manager;(627);end create proxy test
2023-11-23 16:38:38,077;INFO;MainThread;proxy.py;proxy;validate;(48);serverProxy validating
2023-11-23 16:38:38,077;INFO;MainThread;proxy.py;proxy;validate;(50);serverProxy validated
2023-11-23 16:38:38,225;INFO;MainThread;storage.py;storage;validate;(171);MongoStorage validating
2023-11-23 16:38:38,229;INFO;MainThread;storage.py;storage;validate;(186);MongoStorage validated
2023-11-23 16:38:52,020;INFO;MainThread;proxy.py;proxy;validate;(48);serverProxy validating
2023-11-23 16:38:52,020;INFO;MainThread;proxy.py;proxy;validate;(50);serverProxy validated
2023-11-23 16:38:52,038;INFO;MainThread;managers.py;managers;validate;(637);Manager default validating
2023-11-23 16:38:52,038;INFO;MainThread;managers.py;managers;validate;(644);Manager default validated
2023-11-23 16:38:52,038;INFO;MainThread;manager_upload.py;manager_upload;validate;(129);Manager upload validating
2023-11-23 16:38:52,038;INFO;MainThread;manager_upload.py;manager_upload;validate;(136);Manager upload validated
2023-11-23 16:38:52,038;INFO;MainThread;item_manager.py;item_manager;validate;(130);Manager validating
2023-11-23 16:38:52,038;INFO;MainThread;item_manager.py;item_manager;validate;(138);Manager validated
2023-11-23 16:38:52,158;INFO;MainThread;storage.py;storage;validate;(171);MongoStorage validating
2023-11-23 16:38:52,163;INFO;MainThread;storage.py;storage;validate;(186);MongoStorage validated
2023-11-23 16:38:52,219;INFO;MainThread;item_manager.py;item_manager;load_item;(120);add item test
2023-11-23 16:38:52,220;INFO;MainThread;managers.py;managers;create_proxy_manager;(623);create proxy test
2023-11-23 16:38:52,220;INFO;MainThread;managers.py;managers;validate;(540);ProxyManager test validating
2023-11-23 16:38:52,220;INFO;MainThread;managers.py;managers;validate;(548);ProxyManager test validated
2023-11-23 16:38:52,220;INFO;MainThread;managers.py;managers;create_proxy_manager;(627);end create proxy test
2023-11-23 16:41:17,579;INFO;MainThread;proxy.py;proxy;validate;(48);serverProxy validating
2023-11-23 16:41:17,579;INFO;MainThread;proxy.py;proxy;validate;(50);serverProxy validated
2023-11-23 16:41:17,591;INFO;MainThread;managers.py;managers;validate;(637);Manager default validating
2023-11-23 16:41:17,591;INFO;MainThread;managers.py;managers;validate;(644);Manager default validated
2023-11-23 16:41:17,591;INFO;MainThread;manager_upload.py;manager_upload;validate;(129);Manager upload validating
2023-11-23 16:41:17,591;INFO;MainThread;manager_upload.py;manager_upload;validate;(136);Manager upload validated
2023-11-23 16:41:17,591;INFO;MainThread;item_manager.py;item_manager;validate;(130);Manager validating
2023-11-23 16:41:17,591;INFO;MainThread;item_manager.py;item_manager;validate;(138);Manager validated
2023-11-23 16:41:17,711;INFO;MainThread;storage.py;storage;validate;(171);MongoStorage validating
2023-11-23 16:41:17,716;INFO;MainThread;storage.py;storage;validate;(186);MongoStorage validated
2023-11-23 16:41:17,771;INFO;MainThread;item_manager.py;item_manager;load_item;(120);add item test
2023-11-23 16:41:17,771;INFO;MainThread;managers.py;managers;create_proxy_manager;(623);create proxy test
2023-11-23 16:41:17,771;INFO;MainThread;managers.py;managers;validate;(540);ProxyManager test validating
2023-11-23 16:41:17,771;INFO;MainThread;managers.py;managers;validate;(548);ProxyManager test validated
2023-11-23 16:41:17,771;INFO;MainThread;managers.py;managers;create_proxy_manager;(627);end create proxy test
2023-11-23 16:41:42,559;INFO;MainThread;proxy.py;proxy;validate;(48);serverProxy validating
2023-11-23 16:41:42,560;INFO;MainThread;proxy.py;proxy;validate;(50);serverProxy validated
2023-11-23 16:41:59,771;INFO;MainThread;managers.py;managers;validate;(637);Manager default validating
2023-11-23 16:41:59,771;INFO;MainThread;managers.py;managers;validate;(644);Manager default validated
2023-11-23 16:41:59,771;INFO;MainThread;manager_upload.py;manager_upload;validate;(129);Manager upload validating
2023-11-23 16:41:59,771;INFO;MainThread;manager_upload.py;manager_upload;validate;(136);Manager upload validated
2023-11-23 16:41:59,772;INFO;MainThread;item_manager.py;item_manager;validate;(130);Manager validating
2023-11-23 16:41:59,772;INFO;MainThread;item_manager.py;item_manager;validate;(138);Manager validated
2023-11-23 16:41:59,968;INFO;MainThread;storage.py;storage;validate;(171);MongoStorage validating
2023-11-23 16:41:59,975;INFO;MainThread;storage.py;storage;validate;(186);MongoStorage validated
2023-11-23 16:42:00,029;INFO;MainThread;item_manager.py;item_manager;load_item;(120);add item test
2023-11-23 16:42:02,780;INFO;MainThread;managers.py;managers;create_proxy_manager;(623);create proxy test
2023-11-23 16:42:02,781;INFO;MainThread;managers.py;managers;validate;(540);ProxyManager test validating
2023-11-23 16:42:02,781;INFO;MainThread;managers.py;managers;validate;(548);ProxyManager test validated
2023-11-23 16:42:02,781;INFO;MainThread;managers.py;managers;create_proxy_manager;(627);end create proxy test
2023-11-23 16:42:17,940;INFO;MainThread;proxy.py;proxy;validate;(48);serverProxy validating
2023-11-23 16:42:17,940;INFO;MainThread;proxy.py;proxy;validate;(50);serverProxy validated
2023-11-23 16:42:17,952;INFO;MainThread;managers.py;managers;validate;(637);Manager default validating
2023-11-23 16:42:17,952;INFO;MainThread;managers.py;managers;validate;(644);Manager default validated
2023-11-23 16:42:17,952;INFO;MainThread;manager_upload.py;manager_upload;validate;(129);Manager upload validating
2023-11-23 16:42:17,952;INFO;MainThread;manager_upload.py;manager_upload;validate;(136);Manager upload validated
2023-11-23 16:42:17,952;INFO;MainThread;item_manager.py;item_manager;validate;(130);Manager validating
2023-11-23 16:42:17,952;INFO;MainThread;item_manager.py;item_manager;validate;(138);Manager validated
2023-11-23 16:42:18,076;INFO;MainThread;storage.py;storage;validate;(171);MongoStorage validating
2023-11-23 16:42:18,080;INFO;MainThread;storage.py;storage;validate;(186);MongoStorage validated
2023-11-23 16:42:18,141;INFO;MainThread;item_manager.py;item_manager;load_item;(120);add item test
2023-11-23 16:42:18,142;INFO;MainThread;managers.py;managers;create_proxy_manager;(623);create proxy test
2023-11-23 16:42:18,142;INFO;MainThread;managers.py;managers;validate;(540);ProxyManager test validating
2023-11-23 16:42:18,142;INFO;MainThread;managers.py;managers;validate;(548);ProxyManager test validated
2023-11-23 16:42:18,142;INFO;MainThread;managers.py;managers;create_proxy_manager;(627);end create proxy test
2023-11-23 16:42:39,290;INFO;MainThread;proxy.py;proxy;validate;(48);serverProxy validating
2023-11-23 16:42:39,291;INFO;MainThread;proxy.py;proxy;validate;(50);serverProxy validated
2023-11-23 16:44:14,906;INFO;MainThread;proxy.py;proxy;validate;(48);serverProxy validating
2023-11-23 16:44:14,906;INFO;MainThread;proxy.py;proxy;validate;(50);serverProxy validated
2023-11-23 16:44:23,667;INFO;MainThread;managers.py;managers;validate;(637);Manager default validating
2023-11-23 16:44:23,668;INFO;MainThread;managers.py;managers;validate;(644);Manager default validated
2023-11-23 16:44:23,668;INFO;MainThread;manager_upload.py;manager_upload;validate;(129);Manager upload validating
2023-11-23 16:44:23,668;INFO;MainThread;manager_upload.py;manager_upload;validate;(136);Manager upload validated
2023-11-23 16:44:23,669;INFO;MainThread;item_manager.py;item_manager;validate;(130);Manager validating
2023-11-23 16:44:23,669;INFO;MainThread;item_manager.py;item_manager;validate;(138);Manager validated
2023-11-23 16:44:23,867;INFO;MainThread;storage.py;storage;validate;(171);MongoStorage validating
2023-11-23 16:44:23,876;INFO;MainThread;storage.py;storage;validate;(186);MongoStorage validated
2023-11-23 16:44:23,926;INFO;MainThread;item_manager.py;item_manager;load_item;(120);add item test
2023-11-23 16:44:23,926;INFO;MainThread;managers.py;managers;create_proxy_manager;(623);create proxy test
2023-11-23 16:44:23,927;INFO;MainThread;managers.py;managers;validate;(540);ProxyManager test validating
2023-11-23 16:44:23,927;INFO;MainThread;managers.py;managers;validate;(548);ProxyManager test validated
2023-11-23 16:44:23,928;INFO;MainThread;managers.py;managers;create_proxy_manager;(627);end create proxy test
2023-11-23 16:44:30,953;INFO;MainThread;proxy.py;proxy;validate;(48);serverProxy validating
2023-11-23 16:44:30,953;INFO;MainThread;proxy.py;proxy;validate;(50);serverProxy validated
2023-11-23 16:44:30,964;INFO;MainThread;managers.py;managers;validate;(637);Manager default validating
2023-11-23 16:44:30,964;INFO;MainThread;managers.py;managers;validate;(644);Manager default validated
2023-11-23 16:44:30,965;INFO;MainThread;manager_upload.py;manager_upload;validate;(129);Manager upload validating
2023-11-23 16:44:30,965;INFO;MainThread;manager_upload.py;manager_upload;validate;(136);Manager upload validated
2023-11-23 16:44:30,965;INFO;MainThread;item_manager.py;item_manager;validate;(130);Manager validating
2023-11-23 16:44:30,965;INFO;MainThread;item_manager.py;item_manager;validate;(138);Manager validated
2023-11-23 16:44:31,087;INFO;MainThread;storage.py;storage;validate;(171);MongoStorage validating
2023-11-23 16:44:31,091;INFO;MainThread;storage.py;storage;validate;(186);MongoStorage validated
2023-11-23 16:44:31,148;INFO;MainThread;item_manager.py;item_manager;load_item;(120);add item test
2023-11-23 16:44:31,148;INFO;MainThread;managers.py;managers;create_proxy_manager;(623);create proxy test
2023-11-23 16:44:31,148;INFO;MainThread;managers.py;managers;validate;(540);ProxyManager test validating
2023-11-23 16:44:31,148;INFO;MainThread;managers.py;managers;validate;(548);ProxyManager test validated
2023-11-23 16:44:31,149;INFO;MainThread;managers.py;managers;create_proxy_manager;(627);end create proxy test
2023-11-23 16:45:16,310;INFO;MainThread;proxy.py;proxy;validate;(48);serverProxy validating
2023-11-23 16:45:16,310;INFO;MainThread;proxy.py;proxy;validate;(50);serverProxy validated
2023-11-23 16:45:16,352;INFO;MainThread;managers.py;managers;validate;(637);Manager default validating
2023-11-23 16:45:16,353;INFO;MainThread;managers.py;managers;validate;(644);Manager default validated
2023-11-23 16:45:16,353;INFO;MainThread;manager_upload.py;manager_upload;validate;(129);Manager upload validating
2023-11-23 16:45:16,354;INFO;MainThread;manager_upload.py;manager_upload;validate;(136);Manager upload validated
2023-11-23 16:45:16,354;INFO;MainThread;item_manager.py;item_manager;validate;(130);Manager validating
2023-11-23 16:45:16,355;INFO;MainThread;item_manager.py;item_manager;validate;(138);Manager validated
2023-11-23 16:45:16,571;INFO;MainThread;storage.py;storage;validate;(171);MongoStorage validating
2023-11-23 16:45:16,581;INFO;MainThread;storage.py;storage;validate;(186);MongoStorage validated
2023-11-23 16:45:16,636;INFO;MainThread;item_manager.py;item_manager;load_item;(120);add item test
2023-11-23 16:45:16,637;INFO;MainThread;managers.py;managers;create_proxy_manager;(623);create proxy test
2023-11-23 16:45:16,637;INFO;MainThread;managers.py;managers;validate;(540);ProxyManager test validating
2023-11-23 16:45:16,637;INFO;MainThread;managers.py;managers;validate;(548);ProxyManager test validated
2023-11-23 16:45:16,638;INFO;MainThread;managers.py;managers;create_proxy_manager;(627);end create proxy test
2023-11-23 16:45:37,531;INFO;MainThread;proxy.py;proxy;validate;(48);serverProxy validating
2023-11-23 16:45:37,532;INFO;MainThread;proxy.py;proxy;validate;(50);serverProxy validated
2023-11-23 16:45:54,658;INFO;MainThread;proxy.py;proxy;validate;(48);serverProxy validating
2023-11-23 16:45:54,658;INFO;MainThread;proxy.py;proxy;validate;(50);serverProxy validated
2023-11-23 16:46:25,743;INFO;MainThread;proxy.py;proxy;validate;(48);serverProxy validating
2023-11-23 16:46:25,744;INFO;MainThread;proxy.py;proxy;validate;(50);serverProxy validated
2023-11-23 16:46:39,828;INFO;MainThread;proxy.py;proxy;validate;(48);serverProxy validating
2023-11-23 16:46:39,829;INFO;MainThread;proxy.py;proxy;validate;(50);serverProxy validated
2023-11-23 16:46:59,303;INFO;MainThread;proxy.py;proxy;validate;(48);serverProxy validating
2023-11-23 16:46:59,304;INFO;MainThread;proxy.py;proxy;validate;(50);serverProxy validated
2023-11-23 16:47:30,491;INFO;MainThread;proxy.py;proxy;validate;(48);serverProxy validating
2023-11-23 16:47:30,491;INFO;MainThread;proxy.py;proxy;validate;(50);serverProxy validated
2023-11-23 16:47:39,833;INFO;MainThread;proxy.py;proxy;validate;(48);serverProxy validating
2023-11-23 16:47:39,835;INFO;MainThread;proxy.py;proxy;validate;(50);serverProxy validated
2023-11-23 16:48:21,538;INFO;MainThread;proxy.py;proxy;validate;(48);serverProxy validating
2023-11-23 16:48:21,539;INFO;MainThread;proxy.py;proxy;validate;(50);serverProxy validated
2023-11-23 16:48:31,710;INFO;MainThread;proxy.py;proxy;validate;(48);serverProxy validating
2023-11-23 16:48:31,710;INFO;MainThread;proxy.py;proxy;validate;(50);serverProxy validated
2023-11-23 16:48:35,415;INFO;MainThread;proxy.py;proxy;validate;(48);serverProxy validating
2023-11-23 16:48:35,416;INFO;MainThread;proxy.py;proxy;validate;(50);serverProxy validated
2023-11-23 16:49:16,936;INFO;MainThread;proxy.py;proxy;validate;(48);serverProxy validating
2023-11-23 16:49:16,936;INFO;MainThread;proxy.py;proxy;validate;(50);serverProxy validated
2023-11-23 16:49:16,948;INFO;MainThread;managers.py;managers;validate;(637);Manager default validating
2023-11-23 16:49:16,948;INFO;MainThread;managers.py;managers;validate;(644);Manager default validated
2023-11-23 16:49:16,948;INFO;MainThread;manager_upload.py;manager_upload;validate;(129);Manager upload validating
2023-11-23 16:49:16,948;INFO;MainThread;manager_upload.py;manager_upload;validate;(136);Manager upload validated
2023-11-23 16:49:16,948;INFO;MainThread;item_manager.py;item_manager;validate;(130);Manager validating
2023-11-23 16:49:16,948;INFO;MainThread;item_manager.py;item_manager;validate;(138);Manager validated
2023-11-23 16:49:17,134;INFO;MainThread;item_manager.py;item_manager;load_item;(120);add item test
2023-11-23 16:49:17,136;INFO;MainThread;managers.py;managers;create_proxy_manager;(623);create proxy test
2023-11-23 16:49:17,136;INFO;MainThread;managers.py;managers;validate;(540);ProxyManager test validating
2023-11-23 16:49:17,136;INFO;MainThread;managers.py;managers;validate;(548);ProxyManager test validated
2023-11-23 16:49:17,136;INFO;MainThread;managers.py;managers;create_proxy_manager;(627);end create proxy test
2023-11-23 16:49:22,928;INFO;MainThread;proxy.py;proxy;validate;(48);serverProxy validating
2023-11-23 16:49:22,928;INFO;MainThread;proxy.py;proxy;validate;(50);serverProxy validated
2023-11-23 16:49:22,938;INFO;MainThread;managers.py;managers;validate;(637);Manager default validating
2023-11-23 16:49:22,938;INFO;MainThread;managers.py;managers;validate;(644);Manager default validated
2023-11-23 16:49:22,939;INFO;MainThread;manager_upload.py;manager_upload;validate;(129);Manager upload validating
2023-11-23 16:49:22,939;INFO;MainThread;manager_upload.py;manager_upload;validate;(136);Manager upload validated
2023-11-23 16:49:22,939;INFO;MainThread;item_manager.py;item_manager;validate;(130);Manager validating
2023-11-23 16:49:22,939;INFO;MainThread;item_manager.py;item_manager;validate;(138);Manager validated
2023-11-23 16:49:23,125;INFO;MainThread;item_manager.py;item_manager;load_item;(120);add item test
2023-11-23 16:49:23,125;INFO;MainThread;managers.py;managers;create_proxy_manager;(623);create proxy test
2023-11-23 16:49:23,125;INFO;MainThread;managers.py;managers;validate;(540);ProxyManager test validating
2023-11-23 16:49:23,125;INFO;MainThread;managers.py;managers;validate;(548);ProxyManager test validated
2023-11-23 16:49:23,125;INFO;MainThread;managers.py;managers;create_proxy_manager;(627);end create proxy test
2023-11-23 16:49:35,890;INFO;MainThread;proxy.py;proxy;validate;(48);serverProxy validating
2023-11-23 16:49:35,890;INFO;MainThread;proxy.py;proxy;validate;(50);serverProxy validated
2023-11-23 16:49:35,904;INFO;MainThread;managers.py;managers;validate;(637);Manager default validating
2023-11-23 16:49:35,904;INFO;MainThread;managers.py;managers;validate;(644);Manager default validated
2023-11-23 16:49:35,904;INFO;MainThread;manager_upload.py;manager_upload;validate;(129);Manager upload validating
2023-11-23 16:49:35,904;INFO;MainThread;manager_upload.py;manager_upload;validate;(136);Manager upload validated
2023-11-23 16:49:35,904;INFO;MainThread;item_manager.py;item_manager;validate;(130);Manager validating
2023-11-23 16:49:35,904;INFO;MainThread;item_manager.py;item_manager;validate;(138);Manager validated
2023-11-23 16:49:36,038;INFO;MainThread;storage.py;storage;validate;(171);MongoStorage validating
2023-11-23 16:49:36,043;INFO;MainThread;storage.py;storage;validate;(186);MongoStorage validated
2023-11-23 16:49:36,102;INFO;MainThread;item_manager.py;item_manager;load_item;(120);add item test
2023-11-23 16:49:36,102;INFO;MainThread;managers.py;managers;create_proxy_manager;(623);create proxy test
2023-11-23 16:49:36,103;INFO;MainThread;managers.py;managers;validate;(540);ProxyManager test validating
2023-11-23 16:49:36,103;INFO;MainThread;managers.py;managers;validate;(548);ProxyManager test validated
2023-11-23 16:49:36,103;INFO;MainThread;managers.py;managers;create_proxy_manager;(627);end create proxy test
